/*C2*/SET SCHEMA PUBLIC
DELETE FROM "mendixsystem$version" WHERE "versionnumber"='4.2'
INSERT INTO "mendixsystem$version" VALUES('4.2','2026-04-29 11:13:37.997000','4.5.0','unversioned','EmbeddedDemoApp','')
COMMIT
DELETE FROM "system$userrole" WHERE "id"=14918173765665014
INSERT INTO "system$userrole" VALUES(14918173765665014,'8dd52bfa-6d7e-453b-b506-303c0a3d9567','Administrator','')
DELETE FROM "system$userrole" WHERE "id"=14918173765665029
INSERT INTO "system$userrole" VALUES(14918173765665029,'53f5d6fa-6da9-4a71-b011-454ec052cce8','User','')
COMMIT
DELETE FROM "mendixsystem$properties" WHERE "key"='Mendix.Runtime.DeploymentID'
INSERT INTO "mendixsystem$properties" VALUES('Mendix.Runtime.DeploymentID','639130652728304760')
COMMIT
DELETE FROM "mendixsystem$entityidentifier" WHERE "id"='d4154981-8dac-4150-aec5-efa3ef62a7a2'
INSERT INTO "mendixsystem$entityidentifier" VALUES('d4154981-8dac-4150-aec5-efa3ef62a7a2',48,201)
COMMIT
INSERT INTO "system$xasinstance" VALUES(13510798882124508,'25e5ac95-aeed-4ef7-b693-05020c25751e','2026-04-29 11:14:46.212000',NULL,NULL,NULL,'2026-04-29 11:14:46.211000')
COMMIT
DELETE FROM "system$xasinstance" WHERE "id"=13510798882124508
INSERT INTO "system$xasinstance" VALUES(13510798882124508,'25e5ac95-aeed-4ef7-b693-05020c25751e','2026-04-29 11:14:46.684000',NULL,NULL,NULL,'2026-04-29 11:14:46.211000')
COMMIT
DELETE FROM "mendixsystem$properties" WHERE "key"='ScheduledEventsExecution'
INSERT INTO "mendixsystem$properties" VALUES('ScheduledEventsExecution','NONE:639130652728304760')
COMMIT
/*C3*/SET SCHEMA PUBLIC
DELETE FROM "system$queuedtask" WHERE "id"=14073748835533704
INSERT INTO "system$queuedtask" VALUES(14073748835533704,7,'Running','59651013-f9bc-4fc1-b435-276439b07899','System.ScheduledEventsQueue','ScheduledEvent',NULL,NULL,'ClusterManagement-PopulateFileDocumentSizes','[]','25e5ac95-aeed-4ef7-b693-05020c25751e',79,'2026-04-29 11:13:41.074000','2026-04-29 11:14:31.991000','2026-04-29 11:14:46.991000',0,NULL,'ClusterManagement-PopulateFileDocumentSizes',NULL)
COMMIT
DELETE FROM "mendixsystem$entityidentifier" WHERE "id"='c6c131c8-8779-4213-9b26-a64e141f26a8'
INSERT INTO "mendixsystem$entityidentifier" VALUES('c6c131c8-8779-4213-9b26-a64e141f26a8',50,201)
COMMIT
ALTER SEQUENCE PUBLIC."system$queuedtask_sequence_mxseq" RESTART WITH 21
/*C2*/DELETE FROM "mendixsystem$entityidentifier" WHERE "id"='eb5c32a1-85ec-49d1-8bca-ecca779cd539'
INSERT INTO "mendixsystem$entityidentifier" VALUES('eb5c32a1-85ec-49d1-8bca-ecca779cd539',46,201)
COMMIT
/*C3*/INSERT INTO "system$queuedtask" VALUES(14073748835545774,20,'Idle','59651013-f9bc-4fc1-b435-276439b07899','System.ScheduledEventsQueue','ScheduledEvent',NULL,NULL,'ClusterManagement-PopulateFileDocumentSizes','[]',NULL,NULL,'2026-04-29 11:14:47.100000','2026-04-29 11:19:31.991000',NULL,0,NULL,'ClusterManagement-PopulateFileDocumentSizes',NULL)
INSERT INTO "system$processedqueuetask" VALUES(12947848928703208,7,'Completed','59651013-f9bc-4fc1-b435-276439b07899','System.ScheduledEventsQueue','ScheduledEvent',NULL,NULL,'ClusterManagement-PopulateFileDocumentSizes','[]','25e5ac95-aeed-4ef7-b693-05020c25751e',79,'2026-04-29 11:13:41.074000','2026-04-29 11:14:31.991000','2026-04-29 11:14:46.991000','2026-04-29 11:14:47.117000',126,0,NULL,'ClusterManagement-PopulateFileDocumentSizes',NULL)
DELETE FROM "system$queuedtask" WHERE "id"=14073748835533704
COMMIT
DELETE FROM "mendixsystem$entityidentifier" WHERE "id"='282e2e60-88a5-469d-84a5-ba8d9151644f'
INSERT INTO "mendixsystem$entityidentifier" VALUES('282e2e60-88a5-469d-84a5-ba8d9151644f',47,101)
COMMIT
INSERT INTO "system$user" VALUES(13229323905401070,'Anonymous_49dbb1b1-00ee-4565-a4d1-89c12ee247c3','{BCrypt}$2a$12$WqBH1QBbYYYpgSaj47KDS.IQPRhUsicCwUALcFm.8GaIOGDevvY9a','2026-04-29 11:14:59.824000',FALSE,NULL,TRUE,0,FALSE,TRUE,'2026-04-29 11:14:59.565000','2026-04-29 11:14:59.870000','System.User',NULL,13229323905401070)
INSERT INTO "system$userroles" VALUES(13229323905401070,14918173765665014)
INSERT INTO "system$user_language" VALUES(13229323905401070,281474976710887)
COMMIT
DELETE FROM "system$user" WHERE "id"=13229323905401070
INSERT INTO "system$user" VALUES(13229323905401070,'Anonymous_49dbb1b1-00ee-4565-a4d1-89c12ee247c3','{BCrypt}$2a$12$WqBH1QBbYYYpgSaj47KDS.IQPRhUsicCwUALcFm.8GaIOGDevvY9a','2026-04-29 11:14:59.879000',FALSE,NULL,TRUE,0,FALSE,TRUE,'2026-04-29 11:14:59.565000','2026-04-29 11:14:59.879000','System.User',NULL,13229323905401070)
COMMIT
DELETE FROM "mendixsystem$entityidentifier" WHERE "id"='37f9fd49-5318-4c63-9a51-f761779b202f'
INSERT INTO "mendixsystem$entityidentifier" VALUES('37f9fd49-5318-4c63-9a51-f761779b202f',45,101)
COMMIT
INSERT INTO "system$session" VALUES(12666373951979759,'ba4318ec-981e-4b27-bcb4-b72e5a8af0ec','6e11b974-750c-4616-a9e4-cc2c5c6348be','2026-04-29 11:14:59.912000',FALSE,'239d6dc7-4e68-4ddf-a6cd-42cdcf9defe7',NULL,'2026-04-29 11:14:59.912000')
INSERT INTO "system$session_user" VALUES(12666373951979759,13229323905401070)
COMMIT
DELETE FROM "system$session" WHERE "id"=12666373951979759
INSERT INTO "system$session" VALUES(12666373951979759,'ba4318ec-981e-4b27-bcb4-b72e5a8af0ec','6e11b974-750c-4616-a9e4-cc2c5c6348be','2026-04-29 11:14:59.915000',FALSE,'239d6dc7-4e68-4ddf-a6cd-42cdcf9defe7',NULL,'2026-04-29 11:14:59.912000')
COMMIT
DELETE FROM "system$session" WHERE "id"=12666373951979759
INSERT INTO "system$session" VALUES(12666373951979759,'ba4318ec-981e-4b27-bcb4-b72e5a8af0ec','6e11b974-750c-4616-a9e4-cc2c5c6348be','2026-04-29 11:15:00.330000',FALSE,'239d6dc7-4e68-4ddf-a6cd-42cdcf9defe7',NULL,'2026-04-29 11:14:59.912000')
COMMIT
/*C2*/DELETE FROM "system$queuedtask" WHERE "id"=14073748835533872
INSERT INTO "system$queuedtask" VALUES(14073748835533872,8,'Running','59651013-f9bc-4fc1-b435-276439b07899','System.ScheduledEventsQueue','ScheduledEvent',NULL,NULL,'ClusterManagement-CleanupOrphanedFiles','[]','25e5ac95-aeed-4ef7-b693-05020c25751e',79,'2026-04-29 11:13:41.075000','2026-04-29 11:15:21.991000','2026-04-29 11:15:23.036000',0,NULL,'ClusterManagement-CleanupOrphanedFiles',NULL)
COMMIT
ALTER SEQUENCE PUBLIC."system$queuedtask_sequence_mxseq" RESTART WITH 22
INSERT INTO "system$queuedtask" VALUES(14073748835545896,21,'Idle','59651013-f9bc-4fc1-b435-276439b07899','System.ScheduledEventsQueue','ScheduledEvent',NULL,NULL,'ClusterManagement-CleanupOrphanedFiles','[]',NULL,NULL,'2026-04-29 11:15:23.084000','2026-04-29 11:20:21.991000',NULL,0,NULL,'ClusterManagement-CleanupOrphanedFiles',NULL)
INSERT INTO "system$processedqueuetask" VALUES(12947848928703337,8,'Completed','59651013-f9bc-4fc1-b435-276439b07899','System.ScheduledEventsQueue','ScheduledEvent',NULL,NULL,'ClusterManagement-CleanupOrphanedFiles','[]','25e5ac95-aeed-4ef7-b693-05020c25751e',79,'2026-04-29 11:13:41.075000','2026-04-29 11:15:21.991000','2026-04-29 11:15:23.036000','2026-04-29 11:15:23.089000',53,0,NULL,'ClusterManagement-CleanupOrphanedFiles',NULL)
DELETE FROM "system$queuedtask" WHERE "id"=14073748835533872
COMMIT
